<?xml version="1.0" encoding="UTF-8"?>
<coverage generated="1696705507676" clover="3.2.0">
  <project timestamp="1696705507676" name="All files">
    <metrics statements="271" coveredstatements="247" conditionals="34" coveredconditionals="25" methods="47" coveredmethods="43" elements="352" coveredelements="315" complexity="0" loc="271" ncloc="271" packages="4" files="13" classes="13"/>
    <package name="backend">
      <metrics statements="50" coveredstatements="47" conditionals="8" coveredconditionals="5" methods="5" coveredmethods="5"/>
      <file name="app.js" path="/home/juli22/dbwebb-kurser/jsramverk-alla/jsramverk/backend/app.js">
        <metrics statements="50" coveredstatements="47" conditionals="8" coveredconditionals="5" methods="5" coveredmethods="5"/>
        <line num="10" count="1" type="stmt"/>
        <line num="12" count="1" type="stmt"/>
        <line num="13" count="1" type="stmt"/>
        <line num="14" count="1" type="stmt"/>
        <line num="15" count="1" type="stmt"/>
        <line num="16" count="1" type="stmt"/>
        <line num="17" count="1" type="stmt"/>
        <line num="18" count="1" type="stmt"/>
        <line num="20" count="1" type="stmt"/>
        <line num="21" count="1" type="stmt"/>
        <line num="22" count="1" type="stmt"/>
        <line num="23" count="1" type="stmt"/>
        <line num="24" count="1" type="stmt"/>
        <line num="25" count="1" type="stmt"/>
        <line num="28" count="1" type="stmt"/>
        <line num="29" count="1" type="cond" truecount="2" falsecount="0"/>
        <line num="32" count="1" type="stmt"/>
        <line num="33" count="1" type="stmt"/>
        <line num="35" count="1" type="stmt"/>
        <line num="37" count="1" type="stmt"/>
        <line num="38" count="1" type="stmt"/>
        <line num="41" count="1" type="cond" truecount="1" falsecount="1"/>
        <line num="43" count="0" type="stmt"/>
        <line num="47" count="1" type="stmt"/>
        <line num="48" count="3" type="stmt"/>
        <line num="54" count="1" type="stmt"/>
        <line num="55" count="1" type="stmt"/>
        <line num="56" count="1" type="stmt"/>
        <line num="57" count="1" type="stmt"/>
        <line num="58" count="1" type="stmt"/>
        <line num="59" count="1" type="stmt"/>
        <line num="62" count="1" type="stmt"/>
        <line num="63" count="1" type="stmt"/>
        <line num="65" count="1" type="stmt"/>
        <line num="66" count="1" type="stmt"/>
        <line num="70" count="1" type="stmt"/>
        <line num="71" count="1" type="cond" truecount="1" falsecount="1"/>
        <line num="72" count="0" type="stmt"/>
        <line num="75" count="1" type="cond" truecount="1" falsecount="1"/>
        <line num="87" count="1" type="stmt"/>
        <line num="90" count="1" type="stmt"/>
        <line num="91" count="1" type="stmt"/>
        <line num="95" count="1" type="stmt"/>
        <line num="104" count="1" type="stmt"/>
        <line num="105" count="1" type="stmt"/>
        <line num="106" count="1" type="stmt"/>
        <line num="108" count="1" type="stmt"/>
        <line num="110" count="0" type="stmt"/>
        <line num="115" count="1" type="stmt"/>
        <line num="118" count="1" type="stmt"/>
      </file>
    </package>
    <package name="backend.db">
      <metrics statements="14" coveredstatements="14" conditionals="2" coveredconditionals="1" methods="1" coveredmethods="1"/>
      <file name="database.js" path="/home/juli22/dbwebb-kurser/jsramverk-alla/jsramverk/backend/db/database.js">
        <metrics statements="14" coveredstatements="14" conditionals="2" coveredconditionals="1" methods="1" coveredmethods="1"/>
        <line num="8" count="1" type="stmt"/>
        <line num="11" count="1" type="stmt"/>
        <line num="13" count="1" type="cond" truecount="1" falsecount="1"/>
        <line num="14" count="1" type="stmt"/>
        <line num="17" count="1" type="stmt"/>
        <line num="18" count="1" type="stmt"/>
        <line num="24" count="1" type="stmt"/>
        <line num="32" count="13" type="stmt"/>
        <line num="35" count="13" type="stmt"/>
        <line num="41" count="13" type="stmt"/>
        <line num="42" count="13" type="stmt"/>
        <line num="43" count="13" type="stmt"/>
        <line num="45" count="13" type="stmt"/>
        <line num="56" count="1" type="stmt"/>
      </file>
    </package>
    <package name="backend.models">
      <metrics statements="165" coveredstatements="144" conditionals="24" coveredconditionals="19" methods="28" coveredmethods="25"/>
      <file name="auth.js" path="/home/juli22/dbwebb-kurser/jsramverk-alla/jsramverk/backend/models/auth.js">
        <metrics statements="52" coveredstatements="47" conditionals="20" coveredconditionals="16" methods="7" coveredmethods="7"/>
        <line num="7" count="1" type="stmt"/>
        <line num="8" count="1" type="stmt"/>
        <line num="9" count="1" type="stmt"/>
        <line num="10" count="1" type="stmt"/>
        <line num="13" count="1" type="stmt"/>
        <line num="15" count="3" type="stmt"/>
        <line num="16" count="3" type="stmt"/>
        <line num="17" count="3" type="stmt"/>
        <line num="18" count="3" type="stmt"/>
        <line num="20" count="3" type="cond" truecount="4" falsecount="0"/>
        <line num="21" count="1" type="stmt"/>
        <line num="30" count="2" type="stmt"/>
        <line num="31" count="2" type="cond" truecount="1" falsecount="1"/>
        <line num="32" count="0" type="stmt"/>
        <line num="42" count="2" type="stmt"/>
        <line num="43" count="2" type="stmt"/>
        <line num="44" count="2" type="stmt"/>
        <line num="50" count="2" type="stmt"/>
        <line num="51" count="1" type="stmt"/>
        <line num="52" count="1" type="stmt"/>
        <line num="58" count="1" type="stmt"/>
        <line num="71" count="3" type="stmt"/>
        <line num="72" count="3" type="stmt"/>
        <line num="74" count="3" type="cond" truecount="4" falsecount="0"/>
        <line num="75" count="1" type="stmt"/>
        <line num="84" count="2" type="stmt"/>
        <line num="85" count="2" type="stmt"/>
        <line num="86" count="2" type="stmt"/>
        <line num="87" count="2" type="stmt"/>
        <line num="89" count="2" type="stmt"/>
        <line num="90" count="2" type="cond" truecount="2" falsecount="0"/>
        <line num="91" count="1" type="stmt"/>
        <line num="97" count="1" type="stmt"/>
        <line num="107" count="0" type="stmt"/>
        <line num="118" count="1" type="stmt"/>
        <line num="119" count="1" type="cond" truecount="1" falsecount="1"/>
        <line num="120" count="0" type="stmt"/>
        <line num="130" count="1" type="cond" truecount="1" falsecount="1"/>
        <line num="131" count="1" type="stmt"/>
        <line num="135" count="1" type="stmt"/>
        <line num="137" count="1" type="stmt"/>
        <line num="147" count="0" type="stmt"/>
        <line num="158" count="8" type="stmt"/>
        <line num="160" count="8" type="cond" truecount="2" falsecount="0"/>
        <line num="161" count="4" type="stmt"/>
        <line num="162" count="4" type="cond" truecount="1" falsecount="1"/>
        <line num="163" count="0" type="stmt"/>
        <line num="173" count="4" type="stmt"/>
        <line num="174" count="4" type="stmt"/>
        <line num="176" count="4" type="stmt"/>
        <line num="179" count="4" type="stmt"/>
        <line num="192" count="1" type="stmt"/>
      </file>
      <file name="codes.js" path="/home/juli22/dbwebb-kurser/jsramverk-alla/jsramverk/backend/models/codes.js">
        <metrics statements="9" coveredstatements="8" conditionals="0" coveredconditionals="0" methods="1" coveredmethods="1"/>
        <line num="8" count="1" type="stmt"/>
        <line num="16" count="1" type="stmt"/>
        <line num="26" count="3" type="stmt"/>
        <line num="28" count="3" type="stmt"/>
        <line num="39" count="3" type="stmt"/>
        <line num="48" count="3" type="stmt"/>
        <line num="50" count="3" type="stmt"/>
        <line num="54" count="0" type="stmt"/>
        <line num="66" count="1" type="stmt"/>
      </file>
      <file name="delayed.js" path="/home/juli22/dbwebb-kurser/jsramverk-alla/jsramverk/backend/models/delayed.js">
        <metrics statements="16" coveredstatements="15" conditionals="2" coveredconditionals="2" methods="3" coveredmethods="3"/>
        <line num="8" count="1" type="stmt"/>
        <line num="16" count="1" type="stmt"/>
        <line num="22" count="4" type="stmt"/>
        <line num="54" count="4" type="stmt"/>
        <line num="62" count="4" type="stmt"/>
        <line num="63" count="4" type="stmt"/>
        <line num="64" count="4" type="stmt"/>
        <line num="65" count="4" type="stmt"/>
        <line num="67" count="4" type="stmt"/>
        <line num="68" count="53532" type="cond" truecount="2" falsecount="0"/>
        <line num="69" count="32" type="stmt"/>
        <line num="73" count="4" type="stmt"/>
        <line num="84" count="3" type="stmt"/>
        <line num="85" count="3" type="stmt"/>
        <line num="89" count="0" type="stmt"/>
        <line num="101" count="1" type="stmt"/>
      </file>
      <file name="tickets.js" path="/home/juli22/dbwebb-kurser/jsramverk-alla/jsramverk/backend/models/tickets.js">
        <metrics statements="36" coveredstatements="32" conditionals="0" coveredconditionals="0" methods="4" coveredmethods="4"/>
        <line num="9" count="1" type="stmt"/>
        <line num="10" count="1" type="stmt"/>
        <line num="19" count="1" type="stmt"/>
        <line num="29" count="1" type="stmt"/>
        <line num="30" count="1" type="stmt"/>
        <line num="31" count="1" type="stmt"/>
        <line num="33" count="1" type="stmt"/>
        <line num="34" count="1" type="stmt"/>
        <line num="38" count="0" type="stmt"/>
        <line num="58" count="1" type="stmt"/>
        <line num="59" count="1" type="stmt"/>
        <line num="60" count="1" type="stmt"/>
        <line num="66" count="1" type="stmt"/>
        <line num="68" count="1" type="stmt"/>
        <line num="70" count="1" type="stmt"/>
        <line num="74" count="0" type="stmt"/>
        <line num="85" count="1" type="stmt"/>
        <line num="86" count="1" type="stmt"/>
        <line num="87" count="1" type="stmt"/>
        <line num="88" count="1" type="stmt"/>
        <line num="90" count="1" type="stmt"/>
        <line num="92" count="1" type="stmt"/>
        <line num="94" count="1" type="stmt"/>
        <line num="100" count="0" type="stmt"/>
        <line num="111" count="1" type="stmt"/>
        <line num="112" count="1" type="stmt"/>
        <line num="113" count="1" type="stmt"/>
        <line num="119" count="1" type="stmt"/>
        <line num="123" count="1" type="stmt"/>
        <line num="124" count="1" type="stmt"/>
        <line num="126" count="1" type="stmt"/>
        <line num="128" count="1" type="stmt"/>
        <line num="130" count="1" type="stmt"/>
        <line num="132" count="1" type="stmt"/>
        <line num="139" count="0" type="stmt"/>
        <line num="151" count="1" type="stmt"/>
      </file>
      <file name="trains.js" path="/home/juli22/dbwebb-kurser/jsramverk-alla/jsramverk/backend/models/trains.js">
        <metrics statements="52" coveredstatements="42" conditionals="2" coveredconditionals="1" methods="13" coveredmethods="10"/>
        <line num="7" count="1" type="stmt"/>
        <line num="8" count="1" type="stmt"/>
        <line num="10" count="1" type="stmt"/>
        <line num="12" count="0" type="stmt"/>
        <line num="19" count="0" type="stmt"/>
        <line num="26" count="0" type="stmt"/>
        <line num="27" count="0" type="stmt"/>
        <line num="29" count="0" type="stmt"/>
        <line num="30" count="0" type="stmt"/>
        <line num="33" count="0" type="stmt"/>
        <line num="40" count="2" type="stmt"/>
        <line num="41" count="4" type="stmt"/>
        <line num="43" count="2" type="stmt"/>
        <line num="47" count="2" type="stmt"/>
        <line num="64" count="4" type="stmt"/>
        <line num="65" count="4" type="stmt"/>
        <line num="66" count="2" type="stmt"/>
        <line num="67" count="2" type="stmt"/>
        <line num="70" count="2" type="cond" truecount="1" falsecount="1"/>
        <line num="71" count="2" type="stmt"/>
        <line num="75" count="2" type="stmt"/>
        <line num="77" count="2" type="stmt"/>
        <line num="80" count="2" type="stmt"/>
        <line num="82" count="2" type="stmt"/>
        <line num="92" count="3" type="stmt"/>
        <line num="98" count="3" type="stmt"/>
        <line num="104" count="3" type="stmt"/>
        <line num="106" count="3" type="stmt"/>
        <line num="116" count="2" type="stmt"/>
        <line num="117" count="2" type="stmt"/>
        <line num="119" count="1" type="stmt"/>
        <line num="121" count="1" type="stmt"/>
        <line num="123" count="1" type="stmt"/>
        <line num="125" count="1" type="stmt"/>
        <line num="126" count="1" type="stmt"/>
        <line num="136" count="1" type="stmt"/>
        <line num="138" count="1" type="stmt"/>
        <line num="140" count="1" type="stmt"/>
        <line num="160" count="2" type="stmt"/>
        <line num="161" count="2" type="stmt"/>
        <line num="163" count="2" type="stmt"/>
        <line num="165" count="2" type="stmt"/>
        <line num="167" count="2" type="stmt"/>
        <line num="168" count="1" type="stmt"/>
        <line num="171" count="2" type="stmt"/>
        <line num="172" count="1" type="stmt"/>
        <line num="174" count="1" type="stmt"/>
        <line num="177" count="2" type="stmt"/>
        <line num="178" count="0" type="stmt"/>
        <line num="181" count="0" type="stmt"/>
        <line num="182" count="0" type="stmt"/>
        <line num="187" count="1" type="stmt"/>
      </file>
    </package>
    <package name="backend.routes">
      <metrics statements="42" coveredstatements="42" conditionals="0" coveredconditionals="0" methods="13" coveredmethods="12"/>
      <file name="codes.js" path="/home/juli22/dbwebb-kurser/jsramverk-alla/jsramverk/backend/routes/codes.js">
        <metrics statements="5" coveredstatements="5" conditionals="0" coveredconditionals="0" methods="1" coveredmethods="1"/>
        <line num="7" count="1" type="stmt"/>
        <line num="8" count="1" type="stmt"/>
        <line num="11" count="1" type="stmt"/>
        <line num="14" count="2" type="stmt"/>
        <line num="16" count="1" type="stmt"/>
      </file>
      <file name="delayed.js" path="/home/juli22/dbwebb-kurser/jsramverk-alla/jsramverk/backend/routes/delayed.js">
        <metrics statements="5" coveredstatements="5" conditionals="0" coveredconditionals="0" methods="1" coveredmethods="1"/>
        <line num="7" count="1" type="stmt"/>
        <line num="8" count="1" type="stmt"/>
        <line num="11" count="1" type="stmt"/>
        <line num="14" count="2" type="stmt"/>
        <line num="16" count="1" type="stmt"/>
      </file>
      <file name="login.js" path="/home/juli22/dbwebb-kurser/jsramverk-alla/jsramverk/backend/routes/login.js">
        <metrics statements="5" coveredstatements="5" conditionals="0" coveredconditionals="0" methods="1" coveredmethods="1"/>
        <line num="1" count="1" type="stmt"/>
        <line num="2" count="1" type="stmt"/>
        <line num="4" count="1" type="stmt"/>
        <line num="6" count="3" type="stmt"/>
        <line num="8" count="1" type="stmt"/>
      </file>
      <file name="register.js" path="/home/juli22/dbwebb-kurser/jsramverk-alla/jsramverk/backend/routes/register.js">
        <metrics statements="5" coveredstatements="5" conditionals="0" coveredconditionals="0" methods="1" coveredmethods="1"/>
        <line num="1" count="1" type="stmt"/>
        <line num="2" count="1" type="stmt"/>
        <line num="4" count="1" type="stmt"/>
        <line num="6" count="3" type="stmt"/>
        <line num="8" count="1" type="stmt"/>
      </file>
      <file name="tickets.js" path="/home/juli22/dbwebb-kurser/jsramverk-alla/jsramverk/backend/routes/tickets.js">
        <metrics statements="17" coveredstatements="17" conditionals="0" coveredconditionals="0" methods="8" coveredmethods="8"/>
        <line num="7" count="1" type="stmt"/>
        <line num="8" count="1" type="stmt"/>
        <line num="11" count="1" type="stmt"/>
        <line num="12" count="1" type="stmt"/>
        <line num="15" count="1" type="stmt"/>
        <line num="16" count="2" type="stmt"/>
        <line num="17" count="1" type="stmt"/>
        <line num="21" count="1" type="stmt"/>
        <line num="22" count="2" type="stmt"/>
        <line num="23" count="1" type="stmt"/>
        <line num="26" count="1" type="stmt"/>
        <line num="27" count="2" type="stmt"/>
        <line num="28" count="1" type="stmt"/>
        <line num="31" count="1" type="stmt"/>
        <line num="32" count="2" type="stmt"/>
        <line num="33" count="1" type="stmt"/>
        <line num="36" count="1" type="stmt"/>
      </file>
      <file name="trains.js" path="/home/juli22/dbwebb-kurser/jsramverk-alla/jsramverk/backend/routes/trains.js">
        <metrics statements="5" coveredstatements="5" conditionals="0" coveredconditionals="0" methods="1" coveredmethods="0"/>
        <line num="7" count="1" type="stmt"/>
        <line num="8" count="1" type="stmt"/>
        <line num="11" count="1" type="stmt"/>
        <line num="14" count="1" type="stmt"/>
        <line num="16" count="1" type="stmt"/>
      </file>
    </package>
  </project>
</coverage>
